<?xml version="1.0" encoding="UTF-8"?>
<!-- Generated by org.testng.reporters.JUnitReportReporter -->
<testsuite hostname="FVFH83KCQ05N" failures="0" tests="4" name="api.test.UserTest" time="8.679" errors="0" timestamp="2024-10-18T12:10:15 IST" skipped="0">
  <testcase classname="api.test.UserTest" name="testPostUser" time="3.991"/>
  <testcase classname="api.test.UserTest" name="testGetUserByName" time="1.303"/>
  <testcase classname="api.test.UserTest" name="testUpdateUserByName" time="2.309"/>
  <testcase classname="api.test.UserTest" name="testDeleteUserByName" time="1.076"/>
</testsuite> <!-- api.test.UserTest -->
