<?xml version="1.0" encoding="UTF-8"?>
<!-- Generated by org.testng.reporters.JUnitReportReporter -->
<testsuite hostname="FVFH83KCQ05N" failures="0" tests="4" name="api.test.UserTest2" time="5.476" errors="0" timestamp="2024-10-21T19:36:42 IST" skipped="0">
  <testcase classname="api.test.UserTest2" name="testPostUser" time="1.127"/>
  <testcase classname="api.test.UserTest2" name="testGetUserByName" time="1.081"/>
  <testcase classname="api.test.UserTest2" name="testUpdateUserByName" time="2.200"/>
  <testcase classname="api.test.UserTest2" name="testDeleteUserByName" time="1.068"/>
</testsuite> <!-- api.test.UserTest2 -->
