<?xml version="1.0" encoding="UTF-8"?>
<!-- Generated by org.testng.reporters.JUnitReportReporter -->
<testsuite hostname="FVFH83KCQ05N" failures="0" tests="4" name="api.test.UserTest" time="11.678" errors="0" timestamp="2024-10-21T13:42:45 IST" skipped="0">
  <testcase classname="api.test.UserTest" name="testPostUser" time="6.717"/>
  <testcase classname="api.test.UserTest" name="testGetUserByName" time="1.225"/>
  <testcase classname="api.test.UserTest" name="testUpdateUserByName" time="2.450"/>
  <testcase classname="api.test.UserTest" name="testDeleteUserByName" time="1.286"/>
</testsuite> <!-- api.test.UserTest -->
